<?xml version="1.0" encoding="UTF-8"?>
<!-- Generated by org.testng.reporters.JUnitReportReporter -->
<testsuite hostname="IABLR-LT155" name="libraryAPI.AddBookWithHashMap" tests="1" failures="0" timestamp="14 Aug 2020 03:44:55 GMT" time="3.157" errors="0">
  <testcase name="addBook" time="3.157" classname="libraryAPI.AddBookWithHashMap"/>
</testsuite> <!-- libraryAPI.AddBookWithHashMap -->
