<?xml version="1.0" encoding="UTF-8"?>
<!-- Generated by org.testng.reporters.JUnitReportReporter -->
<testsuite hostname="IABLR-LT155" name="libraryAPI.AddBookWithStaticJson" tests="1" failures="0" timestamp="14 Aug 2020 03:35:10 GMT" time="3.530" errors="0">
  <testcase name="main" time="3.530" classname="libraryAPI.AddBookWithStaticJson"/>
</testsuite> <!-- libraryAPI.AddBookWithStaticJson -->
