<?xml version="1.0" encoding="UTF-8"?>
<!-- Generated by org.testng.reporters.JUnitReportReporter -->
<testsuite hostname="IABLR-LT155" name="googlePlaceAPI.EtoETest" tests="3" failures="0" timestamp="14 Aug 2020 00:13:49 GMT" time="14.841" errors="0">
  <testcase name="addPlace" time="6.796" classname="googlePlaceAPI.EtoETest"/>
  <testcase name="getPlace" time="0.546" classname="googlePlaceAPI.EtoETest"/>
  <testcase name="deletePlace" time="7.499" classname="googlePlaceAPI.EtoETest"/>
</testsuite> <!-- googlePlaceAPI.EtoETest -->
