<?xml version="1.0" encoding="UTF-8"?>
<!-- Generated by org.testng.reporters.JUnitReportReporter -->
<testsuite hostname="IABLR-LT155" name="googlePlaceAPI.GetPlace" tests="1" failures="0" timestamp="14 Aug 2020 00:12:05 GMT" time="4.884" errors="0">
  <testcase name="getPlace" time="4.884" classname="googlePlaceAPI.GetPlace"/>
</testsuite> <!-- googlePlaceAPI.GetPlace -->
