<?xml version="1.0" encoding="UTF-8"?>
<!-- Generated by org.testng.reporters.JUnitReportReporter -->
<testsuite hostname="IABLR-LT155" name="libraryAPI.AddBook" tests="2" failures="0" timestamp="14 Aug 2020 03:14:31 GMT" time="12.208" errors="0">
  <testcase name="addBook" time="1.621" classname="libraryAPI.AddBook"/>
  <testcase name="addBook" time="10.587" classname="libraryAPI.AddBook"/>
</testsuite> <!-- libraryAPI.AddBook -->
