<?xml version="1.0" encoding="UTF-8"?>
<!-- Generated by org.testng.reporters.JUnitReportReporter -->
<testsuite hostname="IABLR-LT155" name="reqResSpecBuilder.AddPlace" tests="1" failures="0" timestamp="15 Aug 2020 14:21:08 GMT" time="4.322" errors="0">
  <testcase name="addPlace" time="4.322" classname="reqResSpecBuilder.AddPlace"/>
</testsuite> <!-- reqResSpecBuilder.AddPlace -->
