<?xml version="1.0" encoding="UTF-8"?>
<!-- Generated by org.testng.reporters.JUnitReportReporter -->
<testsuite hostname="IABLR-LT155" name="googlePlaceAPI.AddPlaceTest" tests="1" failures="0" timestamp="13 Aug 2020 15:15:20 GMT" time="2.794" errors="0">
  <testcase name="addPlace" time="2.794" classname="googlePlaceAPI.AddPlaceTest"/>
</testsuite> <!-- googlePlaceAPI.AddPlaceTest -->
