<?xml version="1.0" encoding="UTF-8"?>
<!-- Generated by org.testng.reporters.JUnitReportReporter -->
<testsuite hostname="IABLR-LT155" name="googlePlaceAPI.ValidationsTest" tests="1" failures="0" timestamp="13 Aug 2020 15:34:26 GMT" time="3.410" errors="0">
  <testcase name="validations" time="3.410" classname="googlePlaceAPI.ValidationsTest"/>
</testsuite> <!-- googlePlaceAPI.ValidationsTest -->
